### 2023-08-15  23:31:03

 stanene   
   P  lattice
 Symmorphic crystal with inversion symmetry
 Complex eigenfunctions
 Spin-orbit eigenfunctions (->time inversion)
 No spin-polarization


 Transformations:
 Direct lattice vectors in Cartesian coord. system (BR2)
         pa:             pb:             pc: 
      4.67589852     -2.33794926      0.00000000
      0.00000000      4.04944691      0.00000000
      0.00000000      0.00000000     24.24805277

 Recipiical lattice vectors in Cartesian coord. system (BR4)
      0.21386264      0.12347365      0.00000000
      0.00000000      0.24694731      0.00000000
      0.00000000      0.00000000      0.04124042

 

SYMMETRY OPERATIONS Pi={Ri|taui+tm}
  Ri     taui   inv(Ri) Ri(Cartesian coord)  Eulers angles  spin transf.

 1 0 0   0.000   1 0 0   1.000 0.000 0.000   0.000
 0 1 0   0.000   0 1 0   0.000 1.000 0.000   0.000  ( 1.000 0.000)( 0.000 0.000)
 0 0 1   0.000   0 0 1   0.000 0.000 1.000   0.000  (-0.000 0.000)( 1.000-0.000)
   1 (E)
unity op.   
rotation through ( 1.000, 0.000, 0.000)
 
-1 0 0   0.000  -1 0 0  -1.000 0.000 0.000   0.000
 0-1 0   0.000   0-1 0   0.000-1.000 0.000   0.000  ( 1.000 0.000)( 0.000 0.000)
 0 0-1   0.000   0 0-1   0.000 0.000-1.000   0.000  (-0.000 0.000)( 1.000-0.000)
   2 (I)
inverse op. 
rotation through ( 1.000, 0.000, 0.000)
 

********************************************************************************


knum =  1    kname= 
k = 0.000000 0.000000 0.000000

       The point group is Ci 
       2 symmetry operations in  2 classes
       Table  6   on page  32 in Koster  et al [7]
       Table 11.4 on page 138 in Altmann et al [8]

                   E     I                                                              
       G1+   A1g   1     1  
       G1-   A1u   1    -1  
       --------------------
       G2+   A1/2g 1     1  
       G2-   A1/2u 1    -1  


class, symmetry ops, exp(-i*k*taui)
   E    1             (+1.00 0.00i)
   I    2             (+1.00 0.00i)

bnd ndg  eigval     E           I   
  1  2-24.688560 2.00+0.00i  2.00+0.00i =G2+ + G2+ 
  3  2-24.675641 2.00-0.00i  2.00-0.00i =G2+ + G2+ 
  5  2-24.655116 2.00+0.00i -2.00-0.00i =G2- + G2- 
  7  2-24.570285 2.00+0.00i -2.00+0.00i =G2- + G2- 
  9  2-23.740482 2.00+0.00i  2.00+0.00i =G2+ + G2+ 
 11  2-23.652767 2.00+0.00i -2.00-0.00i =G2- + G2- 
 13  2-23.593426 2.00-0.00i  2.00-0.00i =G2+ + G2+ 
 15  2-23.566471 2.00-0.00i -2.00+0.00i =G2- + G2- 
 17  2-23.525970 2.00+0.00i  2.00+0.00i =G2+ + G2+ 
 19  2-23.439055 2.00-0.00i -2.00+0.00i =G2- + G2- 
 21  2-12.068707 2.00-0.00i  2.00-0.00i =G2+ + G2+ 
 23  2 -5.968958 2.00+0.00i -2.00-0.00i =G2- + G2- 
 25  2 -3.322801 2.00+0.00i  2.00+0.00i =G2+ + G2+ 
 27  2 -2.876339 2.00-0.00i  2.00-0.00i =G2+ + G2+ 
 29  2 -2.614824 2.00+0.00i -2.00-0.00i =G2- + G2- 
 31  2 -0.761218 2.00-0.00i  2.00-0.00i =G2+ + G2+ 
 33  2  0.270629 2.00+0.00i -2.00-0.00i =G2- + G2- 
 35  2  0.539579 2.00-0.00i -2.00+0.00i =G2- + G2- 
 37  1  1.211112 1.00+0.00i -1.00-0.00i =G2- 
 38  1  1.220759 1.00-0.00i -1.00+0.00i =G2- 
 39  1  1.357754 1.00+0.00i  1.00+0.00i =G2+ 
 40  1  1.392808 1.00-0.00i  1.00-0.00i =G2+ 
 41  1  1.788586 1.00+0.00i  1.00+0.00i =G2+ 
 42  1  1.826455 1.00-0.00i  1.00-0.00i =G2+ 
 43  1  2.198850 1.00+0.00i -1.00-0.00i =G2- 
 44  1  2.236638 1.00-0.00i -1.00+0.00i =G2- 
 45  1  2.757340 1.00+0.00i  1.00+0.00i =G2+ 
 46  1  2.785833 1.00-0.00i  1.00-0.00i =G2+ 
 47  1  3.642100 1.00+0.00i  1.00+0.00i =G2+ 
 48  1  3.654188 1.00-0.00i  0.99-0.00i =G2+ 

********************************************************************************


knum =  2    kname= 
k = 0.500000 0.000000 0.000000

       The point group is Ci 
       2 symmetry operations in  2 classes
       Table  6   on page  32 in Koster  et al [7]
       Table 11.4 on page 138 in Altmann et al [8]

                   E     I                                                              
       G1+   A1g   1     1  
       G1-   A1u   1    -1  
       --------------------
       G2+   A1/2g 1     1  
       G2-   A1/2u 1    -1  


class, symmetry ops, exp(-i*k*taui)
   E    1             (+1.00 0.00i)
   I    2             (+1.00 0.00i)

bnd ndg  eigval     E           I   
  1  2-24.694927 2.00-0.00i -2.00+0.00i =G2- + G2- 
  3  2-24.681628 2.00+0.00i  2.00+0.00i =G2+ + G2+ 
  5  2-24.626773 2.00-0.00i -2.00+0.00i =G2- + G2- 
  7  2-24.592193 2.00-0.00i  2.00-0.00i =G2+ + G2+ 
  9  2-23.697681 2.00+0.00i  2.00-0.00i =G2+ + G2+ 
 11  2-23.664060 2.00+0.00i -2.00-0.00i =G2- + G2- 
 13  2-23.650510 2.00-0.00i -2.00+0.00i =G2- + G2- 
 15  2-23.571978 2.00+0.00i  2.00+0.00i =G2+ + G2+ 
 17  2-23.468475 2.00-0.00i -2.00+0.00i =G2- + G2- 
 19  2-23.447403 2.00-0.00i  2.00-0.00i =G2+ + G2+ 
 21  2-10.516057 2.00+0.00i -2.00-0.00i =G2- + G2- 
 23  2 -8.991230 2.00-0.00i  2.00-0.00i =G2+ + G2+ 
 25  2 -4.326175 2.00+0.00i -2.00-0.00i =G2- + G2- 
 27  2 -3.795835 2.00-0.00i  2.00+0.00i =G2+ + G2+ 
 29  2 -2.228694 2.00-0.00i -2.00+0.00i =G2- + G2- 
 31  2 -1.315573 2.00-0.00i  2.00-0.00i =G2+ + G2+ 
 33  2  1.762306 2.00-0.00i -2.00+0.00i =G2- + G2- 
 35  1  2.601871 1.00+0.00i  1.00+0.00i =G2+ 
 36  1  2.602825 1.00-0.00i  1.00-0.00i =G2+ 
 37  2  2.706412 2.00+0.00i  2.00+0.00i =G2+ + G2+ 
 39  1  3.158566 1.00+0.00i -1.00-0.00i =G2- 
 40  1  3.162002 1.00-0.00i -1.00+0.00i =G2- 
 41  1  3.425101 1.00+0.00i  1.00+0.00i =G2+ 
 42  1  3.432510 1.00-0.00i  1.00-0.00i =G2+ 
 43  1  3.725343 1.00+0.00i -1.00-0.00i =G2- 
 44  1  3.760532 1.00-0.00i -1.00+0.00i =G2- 
 45  1  3.786943 1.00+0.00i  1.00+0.00i =G2+ 
 46  1  3.850446 1.00-0.00i  1.00-0.00i =G2+ 
 47  1  3.884229 1.00+0.00i -1.00-0.00i =G2- 
 48  1  3.917040 1.00-0.00i -1.00+0.00i =G2- 

********************************************************************************


knum =  3    kname= 
k = 0.000000 0.500000 0.000000

       The point group is Ci 
       2 symmetry operations in  2 classes
       Table  6   on page  32 in Koster  et al [7]
       Table 11.4 on page 138 in Altmann et al [8]

                   E     I                                                              
       G1+   A1g   1     1  
       G1-   A1u   1    -1  
       --------------------
       G2+   A1/2g 1     1  
       G2-   A1/2u 1    -1  


class, symmetry ops, exp(-i*k*taui)
   E    1             (+1.00 0.00i)
   I    2             (+1.00 0.00i)

bnd ndg  eigval     E           I   
  1  2-24.694927 2.00-0.00i -2.00+0.00i =G2- + G2- 
  3  2-24.681628 2.00+0.00i  2.00+0.00i =G2+ + G2+ 
  5  2-24.626773 2.00+0.00i -2.00-0.00i =G2- + G2- 
  7  2-24.592193 2.00+0.00i  2.00+0.00i =G2+ + G2+ 
  9  2-23.697681 2.00-0.00i  2.00+0.00i =G2+ + G2+ 
 11  2-23.664059 2.00+0.00i -2.00-0.00i =G2- + G2- 
 13  2-23.650510 2.00-0.00i -2.00+0.00i =G2- + G2- 
 15  2-23.571978 2.00-0.00i  2.00-0.00i =G2+ + G2+ 
 17  2-23.468476 2.00-0.00i -2.00+0.00i =G2- + G2- 
 19  2-23.447403 2.00-0.00i  2.00-0.00i =G2+ + G2+ 
 21  2-10.516057 2.00+0.00i -2.00-0.00i =G2- + G2- 
 23  2 -8.991230 2.00+0.00i  2.00-0.00i =G2+ + G2+ 
 25  2 -4.326174 2.00+0.00i -2.00-0.00i =G2- + G2- 
 27  2 -3.795835 2.00+0.00i  2.00+0.00i =G2+ + G2+ 
 29  2 -2.228694 2.00+0.00i -2.00-0.00i =G2- + G2- 
 31  2 -1.315573 2.00+0.00i  2.00+0.00i =G2+ + G2+ 
 33  2  1.762306 2.00+0.00i -2.00-0.00i =G2- + G2- 
 35  1  2.601871 1.00+0.00i  1.00+0.00i =G2+ 
 36  1  2.602825 1.00-0.00i  1.00-0.00i =G2+ 
 37  2  2.706410 2.00-0.00i  2.00-0.00i =G2+ + G2+ 
 39  1  3.158570 1.00+0.00i -1.00-0.00i =G2- 
 40  1  3.161997 1.00-0.00i -1.00+0.00i =G2- 
 41  1  3.425106 1.00+0.00i  1.00+0.00i =G2+ 
 42  1  3.432505 1.00-0.00i  1.00-0.00i =G2+ 
 43  1  3.725428 1.00+0.00i -1.00-0.00i =G2- 
 44  1  3.760394 1.00-0.00i -1.00+0.00i =G2- 
 45  1  3.786948 1.00+0.00i  1.00+0.00i =G2+ 
 46  1  3.850440 1.00-0.00i  1.00-0.00i =G2+ 
 47  1  3.884413 1.00+0.00i -1.00-0.00i =G2- 
 48  1  3.916909 1.00-0.00i -1.00+0.00i =G2- 

********************************************************************************


knum =  4    kname= 
k = 0.500000 0.500000 0.000000

       The point group is Ci 
       2 symmetry operations in  2 classes
       Table  6   on page  32 in Koster  et al [7]
       Table 11.4 on page 138 in Altmann et al [8]

                   E     I                                                              
       G1+   A1g   1     1  
       G1-   A1u   1    -1  
       --------------------
       G2+   A1/2g 1     1  
       G2-   A1/2u 1    -1  


class, symmetry ops, exp(-i*k*taui)
   E    1             (+1.00 0.00i)
   I    2             (+1.00 0.00i)

bnd ndg  eigval     E           I   
  1  2-24.694929 2.00-0.00i -2.00+0.00i =G2- + G2- 
  3  2-24.681626 2.00-0.00i  2.00-0.00i =G2+ + G2+ 
  5  2-24.626775 2.00+0.00i -2.00-0.00i =G2- + G2- 
  7  2-24.592192 2.00+0.00i  2.00+0.00i =G2+ + G2+ 
  9  2-23.697680 2.00-0.00i  2.00-0.00i =G2+ + G2+ 
 11  2-23.664063 2.00+0.00i -2.00-0.00i =G2- + G2- 
 13  2-23.650509 2.00-0.00i -2.00+0.00i =G2- + G2- 
 15  2-23.571974 2.00-0.00i  2.00-0.00i =G2+ + G2+ 
 17  2-23.468475 2.00+0.00i -2.00-0.00i =G2- + G2- 
 19  2-23.447406 2.00-0.00i  2.00+0.00i =G2+ + G2+ 
 21  2-10.516170 2.00-0.00i -2.00+0.00i =G2- + G2- 
 23  2 -8.991036 2.00-0.00i  2.00+0.00i =G2+ + G2+ 
 25  2 -4.326213 2.00-0.00i -2.00+0.00i =G2- + G2- 
 27  2 -3.795911 2.00+0.00i  2.00+0.00i =G2+ + G2+ 
 29  2 -2.228618 2.00-0.00i -2.00+0.00i =G2- + G2- 
 31  2 -1.315679 2.00+0.00i  2.00+0.00i =G2+ + G2+ 
 33  2  1.762284 2.00+0.00i -2.00-0.00i =G2- + G2- 
 35  1  2.601916 1.00+0.00i  1.00+0.00i =G2+ 
 36  1  2.602869 1.00-0.00i  1.00-0.00i =G2+ 
 37  2  2.706412 2.00-0.00i  2.00-0.00i =G2+ + G2+ 
 39  1  3.158510 1.00+0.00i -1.00-0.00i =G2- 
 40  1  3.161940 1.00-0.00i -1.00+0.00i =G2- 
 41  1  3.425019 1.00+0.00i  1.00+0.00i =G2+ 
 42  1  3.432421 1.00-0.00i  1.00-0.00i =G2+ 
 43  1  3.725461 1.00+0.00i -1.00-0.00i =G2- 
 44  1  3.760497 1.00-0.00i -1.00+0.00i =G2- 
 45  1  3.786951 1.00+0.00i  1.00+0.00i =G2+ 
 46  1  3.850448 1.00-0.00i  1.00-0.00i =G2+ 
 47  1  3.884388 1.00+0.00i -1.00-0.00i =G2- 
 48  1  3.916953 1.00-0.00i -1.00+0.00i =G2- 
 
 *****************************************************
 
 TOTAL END
